Fri Mar 22 22:54:48 CST 2024
Fri Mar 22 23:04:46 CST 2024
Fri Mar 22 23:28:23 CST 2024
Fri Mar 22 23:34:28 CST 2024
Fri Mar 22 23:37:36 CST 2024
Fri Mar 22 23:45:51 CST 2024
Fri Mar 22 23:49:26 CST 2024
Fri Mar 22 23:54:29 CST 2024
Sat Mar 23 09:46:07 CST 2024
Sat Mar 23 14:44:38 CST 2024
Sat Mar 23 14:46:42 CST 2024
Sat Mar 23 14:50:50 CST 2024
Sat Mar 23 14:57:24 CST 2024
Sat Mar 23 15:02:32 CST 2024
Sat Mar 23 15:45:12 CST 2024
Mon Mar 25 11:56:45 CST 2024
Mon Mar 25 14:23:01 CST 2024
Mon Mar 25 16:54:57 CST 2024
Mon Mar 25 21:12:53 CST 2024
Tue Mar 26 15:13:40 CST 2024
Tue Mar 26 15:27:10 CST 2024
Tue Mar 26 15:36:53 CST 2024
Tue Mar 26 17:33:18 CST 2024
Tue Apr 2 22:05:39 CST 2024
Tue Apr 2 22:20:07 CST 2024
Tue Apr 2 22:28:38 CST 2024
Tue Apr 2 22:40:18 CST 2024
Tue Apr 2 22:44:15 CST 2024
Tue Apr 9 16:51:50 CST 2024
Tue Apr 30 10:53:54 CST 2024
